  [1m[35m (274.5ms)[0m  [1m[35mCREATE DATABASE "polls_app_development" ENCODING = 'unicode'[0m
  ↳ bin/rails:9
  [1m[35m (168.3ms)[0m  [1m[35mCREATE DATABASE "polls_app_test" ENCODING = 'unicode'[0m
  ↳ bin/rails:9
  [1m[35m (25.8ms)[0m  [1m[35mCREATE TABLE "schema_migrations" ("version" character varying NOT NULL PRIMARY KEY)[0m
  ↳ bin/rails:9
  [1m[35m (23.5ms)[0m  [1m[35mCREATE TABLE "ar_internal_metadata" ("key" character varying NOT NULL PRIMARY KEY, "value" character varying, "created_at" timestamp NOT NULL, "updated_at" timestamp NOT NULL)[0m
  ↳ bin/rails:9
  [1m[35m (0.6ms)[0m  [1m[34mSELECT pg_try_advisory_lock(4042686100896465855)[0m
  ↳ bin/rails:9
  [1m[35m (1.4ms)[0m  [1m[34mSELECT "schema_migrations"."version" FROM "schema_migrations" ORDER BY "schema_migrations"."version" ASC[0m
  ↳ bin/rails:9
Migrating to CreateUserTable (20201201213248)
  [1m[35m (0.2ms)[0m  [1m[35mBEGIN[0m
  ↳ bin/rails:9
  [1m[35m (29.5ms)[0m  [1m[35mCREATE TABLE "user_tables" ("id" bigserial primary key, "username" character varying NOT NULL)[0m
  ↳ db/migrate/20201201213248_create_user_table.rb:3
  [1m[35m (1.7ms)[0m  [1m[35mCREATE UNIQUE INDEX  "index_user_tables_on_username" ON "user_tables"  ("username")[0m
  ↳ db/migrate/20201201213248_create_user_table.rb:7
  [1m[36mActiveRecord::SchemaMigration Create (1.0ms)[0m  [1m[32mINSERT INTO "schema_migrations" ("version") VALUES ($1) RETURNING "version"[0m  [["version", "20201201213248"]]
  ↳ bin/rails:9
  [1m[35m (0.9ms)[0m  [1m[35mCOMMIT[0m
  ↳ bin/rails:9
Migrating to CreatePollTable (20201201213258)
  [1m[35m (6.9ms)[0m  [1m[35mBEGIN[0m
  ↳ bin/rails:9
  [1m[35m (16.5ms)[0m  [1m[35mCREATE TABLE "poll_tables" ("id" bigserial primary key, "author_id" integer NOT NULL, "title" character varying NOT NULL)[0m
  ↳ db/migrate/20201201213258_create_poll_table.rb:3
  [1m[35m (1.7ms)[0m  [1m[35mCREATE  INDEX  "index_poll_tables_on_author_id" ON "poll_tables"  ("author_id")[0m
  ↳ db/migrate/20201201213258_create_poll_table.rb:8
  [1m[36mActiveRecord::SchemaMigration Create (0.6ms)[0m  [1m[32mINSERT INTO "schema_migrations" ("version") VALUES ($1) RETURNING "version"[0m  [["version", "20201201213258"]]
  ↳ bin/rails:9
  [1m[35m (0.7ms)[0m  [1m[35mCOMMIT[0m
  ↳ bin/rails:9
Migrating to CreateQuestionTable (20201201213308)
  [1m[35m (6.0ms)[0m  [1m[35mBEGIN[0m
  ↳ bin/rails:9
  [1m[35m (21.7ms)[0m  [1m[35mCREATE TABLE "question_tables" ("id" bigserial primary key, "poll_id" integer NOT NULL, "text" character varying NOT NULL)[0m
  ↳ db/migrate/20201201213308_create_question_table.rb:3
  [1m[35m (1.9ms)[0m  [1m[35mCREATE  INDEX  "index_question_tables_on_poll_id" ON "question_tables"  ("poll_id")[0m
  ↳ db/migrate/20201201213308_create_question_table.rb:8
  [1m[36mActiveRecord::SchemaMigration Create (0.6ms)[0m  [1m[32mINSERT INTO "schema_migrations" ("version") VALUES ($1) RETURNING "version"[0m  [["version", "20201201213308"]]
  ↳ bin/rails:9
  [1m[35m (0.6ms)[0m  [1m[35mCOMMIT[0m
  ↳ bin/rails:9
Migrating to CreateAnswerChoiceTable (20201201213318)
  [1m[35m (6.1ms)[0m  [1m[35mBEGIN[0m
  ↳ bin/rails:9
  [1m[35m (18.0ms)[0m  [1m[35mCREATE TABLE "answer_choice_tables" ("id" bigserial primary key, "question_id" integer NOT NULL, "text" character varying NOT NULL)[0m
  ↳ db/migrate/20201201213318_create_answer_choice_table.rb:3
  [1m[35m (1.7ms)[0m  [1m[35mCREATE  INDEX  "index_answer_choice_tables_on_question_id" ON "answer_choice_tables"  ("question_id")[0m
  ↳ db/migrate/20201201213318_create_answer_choice_table.rb:8
  [1m[36mActiveRecord::SchemaMigration Create (1.3ms)[0m  [1m[32mINSERT INTO "schema_migrations" ("version") VALUES ($1) RETURNING "version"[0m  [["version", "20201201213318"]]
  ↳ bin/rails:9
  [1m[35m (1.1ms)[0m  [1m[35mCOMMIT[0m
  ↳ bin/rails:9
Migrating to CreateAnswerResponseTable (20201201213325)
  [1m[35m (6.2ms)[0m  [1m[35mBEGIN[0m
  ↳ bin/rails:9
  [1m[35m (16.1ms)[0m  [1m[35mCREATE TABLE "answer_response_tables" ("id" bigserial primary key, "answer_choice_id" integer NOT NULL, "question_id" integer NOT NULL, "user_id" integer NOT NULL)[0m
  ↳ db/migrate/20201201213325_create_answer_response_table.rb:3
  [1m[35m (2.5ms)[0m  [1m[35mCREATE  INDEX  "index_answer_response_tables_on_answer_choice_id" ON "answer_response_tables"  ("answer_choice_id")[0m
  ↳ db/migrate/20201201213325_create_answer_response_table.rb:9
  [1m[35m (3.3ms)[0m  [1m[35mCREATE  INDEX  "index_answer_response_tables_on_question_id" ON "answer_response_tables"  ("question_id")[0m
  ↳ db/migrate/20201201213325_create_answer_response_table.rb:10
  [1m[36mActiveRecord::SchemaMigration Create (0.7ms)[0m  [1m[32mINSERT INTO "schema_migrations" ("version") VALUES ($1) RETURNING "version"[0m  [["version", "20201201213325"]]
  ↳ bin/rails:9
  [1m[35m (4.4ms)[0m  [1m[35mCOMMIT[0m
  ↳ bin/rails:9
  [1m[36mActiveRecord::InternalMetadata Load (1.3ms)[0m  [1m[34mSELECT  "ar_internal_metadata".* FROM "ar_internal_metadata" WHERE "ar_internal_metadata"."key" = $1 LIMIT $2[0m  [["key", "environment"], ["LIMIT", 1]]
  ↳ bin/rails:9
  [1m[35m (0.3ms)[0m  [1m[35mBEGIN[0m
  ↳ bin/rails:9
  [1m[36mActiveRecord::InternalMetadata Create (1.4ms)[0m  [1m[32mINSERT INTO "ar_internal_metadata" ("key", "value", "created_at", "updated_at") VALUES ($1, $2, $3, $4) RETURNING "key"[0m  [["key", "environment"], ["value", "development"], ["created_at", "2020-12-01 21:50:47.297266"], ["updated_at", "2020-12-01 21:50:47.297266"]]
  ↳ bin/rails:9
  [1m[35m (6.9ms)[0m  [1m[35mCOMMIT[0m
  ↳ bin/rails:9
  [1m[35m (0.5ms)[0m  [1m[34mSELECT pg_advisory_unlock(4042686100896465855)[0m
  ↳ bin/rails:9
  [1m[35m (0.7ms)[0m  [1m[34mSELECT "schema_migrations"."version" FROM "schema_migrations" ORDER BY "schema_migrations"."version" ASC[0m
  ↳ bin/rails:9
